<?xml version="1.0" encoding="UTF-8"?>
<testng-results skipped="0" failed="0" ignored="0" total="0" passed="0">
  <reporter-output>
  </reporter-output>
  <suite name="Default suite" duration-ms="25" started-at="2020-05-28T22:00:23 GST" finished-at="2020-05-28T22:00:23 GST">
    <groups>
    </groups>
    <test name="Default test" duration-ms="25" started-at="2020-05-28T22:00:23 GST" finished-at="2020-05-28T22:00:23 GST">
    </test> <!-- Default test -->
  </suite> <!-- Default suite -->
</testng-results>
